<?xml version="1.0" encoding="UTF-8"?>
<!-- Generated by org.testng.reporters.JUnitXMLReporter -->
<testsuite hostname="Kyles-MacBook-Pro.local" name="order" tests="17" failures="0" timestamp="21 Mar 2014 04:15:07 GMT" time="0.047" errors="0">
  <testcase name="atoi" time="0.0080" classname="com.albion.atoi.AtoiTest"/>
  <testcase name="check_braces" time="0.0010" classname="com.albion.EquallyMatchedBraces.MyClassTest"/>
  <testcase name="insertionSortList" time="0.0" classname="com.albion.InsertionSort.InsertionTest"/>
  <testcase name="insertionSortList" time="0.0" classname="com.albion.InsertionSort.InsertionTest"/>
  <testcase name="insertionSortList" time="0.0" classname="com.albion.InsertionSort.InsertionTest"/>
  <testcase name="isPalindrome" time="0.0010" classname="com.albion.palindrome.PalindromeTest"/>
  <testcase name="deleteDuplicatesTest2" time="0.0010" classname="com.albion.removeDup.RemoveDupListTest"/>
  <testcase name="reorderList" time="0.0" classname="com.albion.ReorderList.ReorderListTest"/>
  <testcase name="addTwoNumbers" time="0.0010" classname="com.albion.ReverseListAdd.ReverseListAddTest"/>
  <testcase name="reverseWords" time="0.0010" classname="com.albion.reversewords.ReverseWordsTest"/>
  <testcase name="evalRPN" time="0.0" classname="com.albion.RPN.RPNTest"/>
  <testcase name="evalRPN" time="0.0" classname="com.albion.RPN.RPNTest"/>
  <testcase name="sortedListToBST" time="0.0010" classname="com.albion.SortedArrayBalancedBST.SortedArrayBalancedBST"/>
  <testcase name="test01" time="0.0010" classname="com.albion.unsolved.misc.KycTest"/>
  <testcase name="hasCycle" time="0.0010" classname="com.albion.HasCycleList.HasCycleTest"/>
  <testcase name="postorderTraversal" time="0.0010" classname="com.albion.PostOrderIterative.PostOrderTraversalTest"/>
  <testcase name="postorderTraversal" time="0.0010" classname="com.albion.PostOrderIterative.PostOrderTraversalTest"/>
</testsuite> <!-- order -->
